<?xml version="1.0" encoding="UTF-8"?>
<testsuite name="com.study.book.springboot.web.ProfileControllerTest" tests="1" skipped="0" failures="0" errors="0" timestamp="2020-09-19T14:01:24" hostname="DESKTOP-RCGL6QP" time="0.449">
  <properties/>
  <testcase name="profile" classname="com.study.book.springboot.web.ProfileControllerTest" time="0.449"/>
  <system-out><![CDATA[23:01:15.052 [Test worker] DEBUG org.springframework.test.context.junit4.SpringJUnit4ClassRunner - SpringJUnit4ClassRunner constructor called with [class com.study.book.springboot.web.ProfileControllerTest]
23:01:15.071 [Test worker] DEBUG org.springframework.test.context.BootstrapUtils - Instantiating CacheAwareContextLoaderDelegate from class [org.springframework.test.context.cache.DefaultCacheAwareContextLoaderDelegate]
23:01:15.088 [Test worker] DEBUG org.springframework.test.context.BootstrapUtils - Instantiating BootstrapContext using constructor [public org.springframework.test.context.support.DefaultBootstrapContext(java.lang.Class,org.springframework.test.context.CacheAwareContextLoaderDelegate)]
23:01:15.186 [Test worker] DEBUG org.springframework.test.context.BootstrapUtils - Instantiating TestContextBootstrapper for test class [com.study.book.springboot.web.ProfileControllerTest] from class [org.springframework.boot.test.context.SpringBootTestContextBootstrapper]
23:01:15.229 [Test worker] INFO org.springframework.boot.test.context.SpringBootTestContextBootstrapper - Neither @ContextConfiguration nor @ContextHierarchy found for test class [com.study.book.springboot.web.ProfileControllerTest], using SpringBootContextLoader
23:01:15.237 [Test worker] DEBUG org.springframework.test.context.support.AbstractContextLoader - Did not detect default resource location for test class [com.study.book.springboot.web.ProfileControllerTest]: class path resource [com/study/book/springboot/web/ProfileControllerTest-context.xml] does not exist
23:01:15.238 [Test worker] DEBUG org.springframework.test.context.support.AbstractContextLoader - Did not detect default resource location for test class [com.study.book.springboot.web.ProfileControllerTest]: class path resource [com/study/book/springboot/web/ProfileControllerTestContext.groovy] does not exist
23:01:15.240 [Test worker] INFO org.springframework.test.context.support.AbstractContextLoader - Could not detect default resource locations for test class [com.study.book.springboot.web.ProfileControllerTest]: no resource found for suffixes {-context.xml, Context.groovy}.
23:01:15.242 [Test worker] INFO org.springframework.test.context.support.AnnotationConfigContextLoaderUtils - Could not detect default configuration classes for test class [com.study.book.springboot.web.ProfileControllerTest]: ProfileControllerTest does not declare any static, non-private, non-final, nested classes annotated with @Configuration.
23:01:15.325 [Test worker] DEBUG org.springframework.test.context.support.ActiveProfilesUtils - Could not find an 'annotation declaring class' for annotation type [org.springframework.test.context.ActiveProfiles] and class [com.study.book.springboot.web.ProfileControllerTest]
23:01:15.489 [Test worker] DEBUG org.springframework.context.annotation.ClassPathScanningCandidateComponentProvider - Identified candidate component class: file [C:\Users\krpw1\Desktop\Backjoon\StudySpringBoot\build\classes\java\main\com\study\book\springboot\Application.class]
23:01:15.490 [Test worker] INFO org.springframework.boot.test.context.SpringBootTestContextBootstrapper - Found @SpringBootConfiguration com.study.book.springboot.Application for test class com.study.book.springboot.web.ProfileControllerTest
23:01:15.647 [Test worker] DEBUG org.springframework.boot.test.context.SpringBootTestContextBootstrapper - @TestExecutionListeners is not present for class [com.study.book.springboot.web.ProfileControllerTest]: using defaults.
23:01:15.648 [Test worker] INFO org.springframework.boot.test.context.SpringBootTestContextBootstrapper - Loaded default TestExecutionListener class names from location [META-INF/spring.factories]: [org.springframework.security.test.context.support.WithSecurityContextTestExecutionListener, org.springframework.security.test.context.support.ReactorContextTestExecutionListener, org.springframework.boot.test.autoconfigure.restdocs.RestDocsTestExecutionListener, org.springframework.boot.test.autoconfigure.web.client.MockRestServiceServerResetTestExecutionListener, org.springframework.boot.test.autoconfigure.web.servlet.MockMvcPrintOnlyOnFailureTestExecutionListener, org.springframework.boot.test.autoconfigure.web.servlet.WebDriverTestExecutionListener, org.springframework.boot.test.autoconfigure.webservices.client.MockWebServiceServerTestExecutionListener, org.springframework.boot.test.mock.mockito.MockitoTestExecutionListener, org.springframework.boot.test.mock.mockito.ResetMocksTestExecutionListener, org.springframework.test.context.web.ServletTestExecutionListener, org.springframework.test.context.support.DirtiesContextBeforeModesTestExecutionListener, org.springframework.test.context.support.DependencyInjectionTestExecutionListener, org.springframework.test.context.support.DirtiesContextTestExecutionListener, org.springframework.test.context.transaction.TransactionalTestExecutionListener, org.springframework.test.context.jdbc.SqlScriptsTestExecutionListener, org.springframework.test.context.event.EventPublishingTestExecutionListener]
23:01:15.682 [Test worker] INFO org.springframework.boot.test.context.SpringBootTestContextBootstrapper - Using TestExecutionListeners: [org.springframework.test.context.web.ServletTestExecutionListener@386c0352, org.springframework.test.context.support.DirtiesContextBeforeModesTestExecutionListener@1b202d5a, org.springframework.boot.test.mock.mockito.MockitoTestExecutionListener@431a9ac7, org.springframework.boot.test.autoconfigure.SpringBootDependencyInjectionTestExecutionListener@b3d6ef1, org.springframework.test.context.support.DirtiesContextTestExecutionListener@53139a57, org.springframework.test.context.transaction.TransactionalTestExecutionListener@49433792, org.springframework.test.context.jdbc.SqlScriptsTestExecutionListener@5e9840df, org.springframework.security.test.context.support.WithSecurityContextTestExecutionListener@3eb2f71b, org.springframework.test.context.event.EventPublishingTestExecutionListener@713c03b8, org.springframework.security.test.context.support.ReactorContextTestExecutionListener@211345aa, org.springframework.boot.test.autoconfigure.restdocs.RestDocsTestExecutionListener@3d9167ef, org.springframework.boot.test.autoconfigure.web.client.MockRestServiceServerResetTestExecutionListener@14b24569, org.springframework.boot.test.autoconfigure.web.servlet.MockMvcPrintOnlyOnFailureTestExecutionListener@582a584, org.springframework.boot.test.autoconfigure.web.servlet.WebDriverTestExecutionListener@3e078e8b, org.springframework.boot.test.autoconfigure.webservices.client.MockWebServiceServerTestExecutionListener@81f28bb, org.springframework.boot.test.mock.mockito.ResetMocksTestExecutionListener@e00bddc]
23:01:15.686 [Test worker] DEBUG org.springframework.test.annotation.ProfileValueUtils - Retrieved @ProfileValueSourceConfiguration [null] for test class [com.study.book.springboot.web.ProfileControllerTest]
23:01:15.687 [Test worker] DEBUG org.springframework.test.annotation.ProfileValueUtils - Retrieved ProfileValueSource type [class org.springframework.test.annotation.SystemProfileValueSource] for class [com.study.book.springboot.web.ProfileControllerTest]
23:01:15.688 [Test worker] DEBUG org.springframework.test.annotation.ProfileValueUtils - Retrieved @ProfileValueSourceConfiguration [null] for test class [com.study.book.springboot.web.ProfileControllerTest]
23:01:15.689 [Test worker] DEBUG org.springframework.test.annotation.ProfileValueUtils - Retrieved ProfileValueSource type [class org.springframework.test.annotation.SystemProfileValueSource] for class [com.study.book.springboot.web.ProfileControllerTest]
23:01:15.692 [Test worker] DEBUG org.springframework.test.annotation.ProfileValueUtils - Retrieved @ProfileValueSourceConfiguration [null] for test class [com.study.book.springboot.web.ProfileControllerTest]
23:01:15.692 [Test worker] DEBUG org.springframework.test.annotation.ProfileValueUtils - Retrieved ProfileValueSource type [class org.springframework.test.annotation.SystemProfileValueSource] for class [com.study.book.springboot.web.ProfileControllerTest]
23:01:15.697 [Test worker] DEBUG org.springframework.test.annotation.ProfileValueUtils - Retrieved @ProfileValueSourceConfiguration [null] for test class [com.study.book.springboot.web.ProfileControllerTest]
23:01:15.697 [Test worker] DEBUG org.springframework.test.annotation.ProfileValueUtils - Retrieved ProfileValueSource type [class org.springframework.test.annotation.SystemProfileValueSource] for class [com.study.book.springboot.web.ProfileControllerTest]
23:01:15.698 [Test worker] DEBUG org.springframework.test.annotation.ProfileValueUtils - Retrieved @ProfileValueSourceConfiguration [null] for test class [com.study.book.springboot.web.ProfileControllerTest]
23:01:15.698 [Test worker] DEBUG org.springframework.test.annotation.ProfileValueUtils - Retrieved ProfileValueSource type [class org.springframework.test.annotation.SystemProfileValueSource] for class [com.study.book.springboot.web.ProfileControllerTest]
23:01:15.707 [Test worker] DEBUG org.springframework.test.context.support.AbstractDirtiesContextTestExecutionListener - Before test class: context [DefaultTestContext@dc3e444 testClass = ProfileControllerTest, testInstance = [null], testMethod = [null], testException = [null], mergedContextConfiguration = [WebMergedContextConfiguration@2e83f49c testClass = ProfileControllerTest, locations = '{}', classes = '{class com.study.book.springboot.Application}', contextInitializerClasses = '[]', activeProfiles = '{}', propertySourceLocations = '{}', propertySourceProperties = '{org.springframework.boot.test.context.SpringBootTestContextBootstrapper=true, server.port=0}', contextCustomizers = set[org.springframework.boot.test.autoconfigure.properties.PropertyMappingContextCustomizer@0, org.springframework.boot.test.autoconfigure.web.servlet.WebDriverContextCustomizerFactory$Customizer@76b207cc, org.springframework.boot.test.context.filter.ExcludeFilterContextCustomizer@404dcd89, org.springframework.boot.test.json.DuplicateJsonObjectContextCustomizerFactory$DuplicateJsonObjectContextCustomizer@37212366, org.springframework.boot.test.mock.mockito.MockitoContextCustomizer@0, org.springframework.boot.test.web.client.TestRestTemplateContextCustomizer@8edd91a, org.springframework.boot.test.context.SpringBootTestArgs@1], resourceBasePath = 'src/main/webapp', contextLoader = 'org.springframework.boot.test.context.SpringBootContextLoader', parent = [null]], attributes = map['org.springframework.test.context.web.ServletTestExecutionListener.activateListener' -> false]], class annotated with @DirtiesContext [false] with mode [null].
23:01:15.711 [Test worker] DEBUG org.springframework.test.annotation.ProfileValueUtils - Retrieved @ProfileValueSourceConfiguration [null] for test class [com.study.book.springboot.web.ProfileControllerTest]
23:01:15.711 [Test worker] DEBUG org.springframework.test.annotation.ProfileValueUtils - Retrieved ProfileValueSource type [class org.springframework.test.annotation.SystemProfileValueSource] for class [com.study.book.springboot.web.ProfileControllerTest]
23:01:15.720 [Test worker] DEBUG org.springframework.test.context.support.DependencyInjectionTestExecutionListener - Performing dependency injection for test context [[DefaultTestContext@dc3e444 testClass = ProfileControllerTest, testInstance = com.study.book.springboot.web.ProfileControllerTest@545782f3, testMethod = [null], testException = [null], mergedContextConfiguration = [WebMergedContextConfiguration@2e83f49c testClass = ProfileControllerTest, locations = '{}', classes = '{class com.study.book.springboot.Application}', contextInitializerClasses = '[]', activeProfiles = '{}', propertySourceLocations = '{}', propertySourceProperties = '{org.springframework.boot.test.context.SpringBootTestContextBootstrapper=true, server.port=0}', contextCustomizers = set[org.springframework.boot.test.autoconfigure.properties.PropertyMappingContextCustomizer@0, org.springframework.boot.test.autoconfigure.web.servlet.WebDriverContextCustomizerFactory$Customizer@76b207cc, org.springframework.boot.test.context.filter.ExcludeFilterContextCustomizer@404dcd89, org.springframework.boot.test.json.DuplicateJsonObjectContextCustomizerFactory$DuplicateJsonObjectContextCustomizer@37212366, org.springframework.boot.test.mock.mockito.MockitoContextCustomizer@0, org.springframework.boot.test.web.client.TestRestTemplateContextCustomizer@8edd91a, org.springframework.boot.test.context.SpringBootTestArgs@1], resourceBasePath = 'src/main/webapp', contextLoader = 'org.springframework.boot.test.context.SpringBootContextLoader', parent = [null]], attributes = map['org.springframework.test.context.web.ServletTestExecutionListener.activateListener' -> false]]].
23:01:15.757 [Test worker] DEBUG org.springframework.test.context.support.TestPropertySourceUtils - Adding inlined properties to environment: {spring.jmx.enabled=false, org.springframework.boot.test.context.SpringBootTestContextBootstrapper=true, server.port=0}

  .   ____          _            __ _ _
 /\\ / ___'_ __ _ _(_)_ __  __ _ \ \ \ \
( ( )\___ | '_ | '_| | '_ \/ _` | \ \ \ \
 \\/  ___)| |_)| | | | | || (_| |  ) ) ) )
  '  |____| .__|_| |_|_| |_\__, | / / / /
 =========|_|==============|___/=/_/_/_/
 :: Spring Boot ::        (v2.3.3.RELEASE)

2020-09-19 23:01:16.123  INFO 12924 --- [    Test worker] c.s.b.s.web.ProfileControllerTest        : Starting ProfileControllerTest on DESKTOP-RCGL6QP with PID 12924 (started by sjh in C:\Users\krpw1\Desktop\Backjoon\StudySpringBoot)
2020-09-19 23:01:16.125  INFO 12924 --- [    Test worker] c.s.b.s.web.ProfileControllerTest        : No active profile set, falling back to default profiles: default
2020-09-19 23:01:17.298  INFO 12924 --- [    Test worker] .s.d.r.c.RepositoryConfigurationDelegate : Bootstrapping Spring Data JPA repositories in DEFERRED mode.
2020-09-19 23:01:17.397  INFO 12924 --- [    Test worker] .s.d.r.c.RepositoryConfigurationDelegate : Finished Spring Data repository scanning in 85ms. Found 2 JPA repository interfaces.
2020-09-19 23:01:18.392  INFO 12924 --- [    Test worker] o.s.b.w.embedded.tomcat.TomcatWebServer  : Tomcat initialized with port(s): 0 (http)
2020-09-19 23:01:18.410  INFO 12924 --- [    Test worker] o.apache.catalina.core.StandardService   : Starting service [Tomcat]
2020-09-19 23:01:18.410  INFO 12924 --- [    Test worker] org.apache.catalina.core.StandardEngine  : Starting Servlet engine: [Apache Tomcat/9.0.37]
2020-09-19 23:01:18.547  INFO 12924 --- [    Test worker] o.a.c.c.C.[Tomcat].[localhost].[/]       : Initializing Spring embedded WebApplicationContext
2020-09-19 23:01:18.547  INFO 12924 --- [    Test worker] w.s.c.ServletWebServerApplicationContext : Root WebApplicationContext: initialization completed in 2386 ms
2020-09-19 23:01:18.638  INFO 12924 --- [    Test worker] com.zaxxer.hikari.HikariDataSource       : HikariPool-1 - Starting...
2020-09-19 23:01:18.967  INFO 12924 --- [    Test worker] com.zaxxer.hikari.HikariDataSource       : HikariPool-1 - Start completed.
2020-09-19 23:01:18.976  INFO 12924 --- [    Test worker] o.s.b.a.h2.H2ConsoleAutoConfiguration    : H2 console available at '/h2-console'. Database available at 'jdbc:h2:mem:b45eb8b4-70d4-4bc5-9ba6-c5f040c2c50d'
2020-09-19 23:01:19.346  INFO 12924 --- [    Test worker] o.s.s.concurrent.ThreadPoolTaskExecutor  : Initializing ExecutorService 'applicationTaskExecutor'
2020-09-19 23:01:19.495  INFO 12924 --- [         task-1] o.hibernate.jpa.internal.util.LogHelper  : HHH000204: Processing PersistenceUnitInfo [name: default]
2020-09-19 23:01:19.644  INFO 12924 --- [         task-1] org.hibernate.Version                    : HHH000412: Hibernate ORM core version 5.4.20.Final
2020-09-19 23:01:20.041  WARN 12924 --- [    Test worker] JpaBaseConfiguration$JpaWebConfiguration : spring.jpa.open-in-view is enabled by default. Therefore, database queries may be performed during view rendering. Explicitly configure spring.jpa.open-in-view to disable this warning
2020-09-19 23:01:20.134  INFO 12924 --- [         task-1] o.hibernate.annotations.common.Version   : HCANN000001: Hibernate Commons Annotations {5.1.0.Final}
2020-09-19 23:01:20.384  INFO 12924 --- [         task-1] org.hibernate.dialect.Dialect            : HHH000400: Using dialect: org.hibernate.dialect.H2Dialect
Hibernate: drop table if exists posts CASCADE 
Hibernate: drop table if exists user CASCADE 
Hibernate: create table posts (id bigint generated by default as identity, created_date timestamp, modified_date timestamp, author varchar(255), content TEXT not null, title varchar(500) not null, primary key (id))
Hibernate: create table user (id bigint generated by default as identity, created_date timestamp, modified_date timestamp, email varchar(255) not null, name varchar(255) not null, picture varchar(255), role varchar(255) not null, primary key (id))
2020-09-19 23:01:21.705  INFO 12924 --- [         task-1] o.h.e.t.j.p.i.JtaPlatformInitiator       : HHH000490: Using JtaPlatform implementation: [org.hibernate.engine.transaction.jta.platform.internal.NoJtaPlatform]
2020-09-19 23:01:21.717  INFO 12924 --- [         task-1] j.LocalContainerEntityManagerFactoryBean : Initialized JPA EntityManagerFactory for persistence unit 'default'
2020-09-19 23:01:22.465  INFO 12924 --- [    Test worker] o.s.s.web.DefaultSecurityFilterChain     : Creating filter chain: any request, [org.springframework.security.web.context.request.async.WebAsyncManagerIntegrationFilter@769eda68, org.springframework.security.web.context.SecurityContextPersistenceFilter@5f2624bf, org.springframework.security.web.header.HeaderWriterFilter@5c9ac5c7, org.springframework.security.web.authentication.logout.LogoutFilter@5af8ed55, org.springframework.security.oauth2.client.web.OAuth2AuthorizationRequestRedirectFilter@519441ff, org.springframework.security.oauth2.client.web.OAuth2LoginAuthenticationFilter@5b0e68f5, org.springframework.security.web.authentication.ui.DefaultLoginPageGeneratingFilter@f7b466b, org.springframework.security.web.authentication.ui.DefaultLogoutPageGeneratingFilter@6941a7d9, org.springframework.security.web.savedrequest.RequestCacheAwareFilter@618471d7, org.springframework.security.web.servletapi.SecurityContextHolderAwareRequestFilter@5f53583e, org.springframework.security.web.authentication.AnonymousAuthenticationFilter@58f69c0, org.springframework.security.web.session.SessionManagementFilter@20dfd5ec, org.springframework.security.web.access.ExceptionTranslationFilter@5283e49c, org.springframework.security.web.access.intercept.FilterSecurityInterceptor@524d5fba]
2020-09-19 23:01:22.965  INFO 12924 --- [    Test worker] o.s.b.a.w.s.WelcomePageHandlerMapping    : Adding welcome page template: index
2020-09-19 23:01:23.823  INFO 12924 --- [    Test worker] o.s.b.w.embedded.tomcat.TomcatWebServer  : Tomcat started on port(s): 6376 (http) with context path ''
2020-09-19 23:01:23.825  INFO 12924 --- [    Test worker] DeferredRepositoryInitializationListener : Triggering deferred initialization of Spring Data repositories…
2020-09-19 23:01:24.617  INFO 12924 --- [    Test worker] DeferredRepositoryInitializationListener : Spring Data repositories initialized!
2020-09-19 23:01:24.631  INFO 12924 --- [    Test worker] s.a.ScheduledAnnotationBeanPostProcessor : No TaskScheduler/ScheduledExecutorService bean found for scheduled processing
2020-09-19 23:01:24.646  INFO 12924 --- [    Test worker] c.s.b.s.web.ProfileControllerTest        : Started ProfileControllerTest in 8.885 seconds (JVM running for 10.808)
2020-09-19 23:01:24.898  INFO 12924 --- [o-auto-1-exec-1] o.a.c.c.C.[Tomcat].[localhost].[/]       : Initializing Spring DispatcherServlet 'dispatcherServlet'
2020-09-19 23:01:24.898  INFO 12924 --- [o-auto-1-exec-1] o.s.web.servlet.DispatcherServlet        : Initializing Servlet 'dispatcherServlet'
2020-09-19 23:01:24.920  INFO 12924 --- [o-auto-1-exec-1] o.s.web.servlet.DispatcherServlet        : Completed initialization in 22 ms
]]></system-out>
  <system-err><![CDATA[]]></system-err>
</testsuite>
