<?xml version="1.0" encoding="UTF-8"?>
<testsuite name="com.study.book.springboot.domain.posts.PostsTest" tests="2" skipped="0" failures="0" errors="0" timestamp="2020-09-10T14:10:51" hostname="DESKTOP-RCGL6QP" time="0.151">
  <properties/>
  <testcase name="timeTest" classname="com.study.book.springboot.domain.posts.PostsTest" time="0.14"/>
  <testcase name="postsReadTest" classname="com.study.book.springboot.domain.posts.PostsTest" time="0.01"/>
  <system-out><![CDATA[2020-09-10 23:10:50.041  INFO 63256 --- [    Test worker] .b.t.c.SpringBootTestContextBootstrapper : Neither @ContextConfiguration nor @ContextHierarchy found for test class [com.study.book.springboot.domain.posts.PostsTest], using SpringBootContextLoader
2020-09-10 23:10:50.042  INFO 63256 --- [    Test worker] o.s.t.c.support.AbstractContextLoader    : Could not detect default resource locations for test class [com.study.book.springboot.domain.posts.PostsTest]: no resource found for suffixes {-context.xml, Context.groovy}.
2020-09-10 23:10:50.042  INFO 63256 --- [    Test worker] t.c.s.AnnotationConfigContextLoaderUtils : Could not detect default configuration classes for test class [com.study.book.springboot.domain.posts.PostsTest]: PostsTest does not declare any static, non-private, non-final, nested classes annotated with @Configuration.
2020-09-10 23:10:50.051  INFO 63256 --- [    Test worker] .b.t.c.SpringBootTestContextBootstrapper : Found @SpringBootConfiguration com.study.book.springboot.Application for test class com.study.book.springboot.domain.posts.PostsTest
2020-09-10 23:10:50.053  INFO 63256 --- [    Test worker] .b.t.c.SpringBootTestContextBootstrapper : Loaded default TestExecutionListener class names from location [META-INF/spring.factories]: [org.springframework.security.test.context.support.WithSecurityContextTestExecutionListener, org.springframework.security.test.context.support.ReactorContextTestExecutionListener, org.springframework.boot.test.autoconfigure.restdocs.RestDocsTestExecutionListener, org.springframework.boot.test.autoconfigure.web.client.MockRestServiceServerResetTestExecutionListener, org.springframework.boot.test.autoconfigure.web.servlet.MockMvcPrintOnlyOnFailureTestExecutionListener, org.springframework.boot.test.autoconfigure.web.servlet.WebDriverTestExecutionListener, org.springframework.boot.test.autoconfigure.webservices.client.MockWebServiceServerTestExecutionListener, org.springframework.boot.test.mock.mockito.MockitoTestExecutionListener, org.springframework.boot.test.mock.mockito.ResetMocksTestExecutionListener, org.springframework.test.context.web.ServletTestExecutionListener, org.springframework.test.context.support.DirtiesContextBeforeModesTestExecutionListener, org.springframework.test.context.support.DependencyInjectionTestExecutionListener, org.springframework.test.context.support.DirtiesContextTestExecutionListener, org.springframework.test.context.transaction.TransactionalTestExecutionListener, org.springframework.test.context.jdbc.SqlScriptsTestExecutionListener, org.springframework.test.context.event.EventPublishingTestExecutionListener]
2020-09-10 23:10:50.055  INFO 63256 --- [    Test worker] .b.t.c.SpringBootTestContextBootstrapper : Using TestExecutionListeners: [org.springframework.test.context.web.ServletTestExecutionListener@50c5f92c, org.springframework.test.context.support.DirtiesContextBeforeModesTestExecutionListener@57672245, org.springframework.boot.test.mock.mockito.MockitoTestExecutionListener@49200d95, org.springframework.boot.test.autoconfigure.SpringBootDependencyInjectionTestExecutionListener@d966e9a, org.springframework.test.context.support.DirtiesContextTestExecutionListener@72e5ea9d, org.springframework.test.context.transaction.TransactionalTestExecutionListener@1cfe8b8e, org.springframework.test.context.jdbc.SqlScriptsTestExecutionListener@557b7121, org.springframework.security.test.context.support.WithSecurityContextTestExecutionListener@6ba727aa, org.springframework.test.context.event.EventPublishingTestExecutionListener@36cb9941, org.springframework.security.test.context.support.ReactorContextTestExecutionListener@5e01d6ed, org.springframework.boot.test.autoconfigure.restdocs.RestDocsTestExecutionListener@507d4675, org.springframework.boot.test.autoconfigure.web.client.MockRestServiceServerResetTestExecutionListener@2b5a1a7, org.springframework.boot.test.autoconfigure.web.servlet.MockMvcPrintOnlyOnFailureTestExecutionListener@685e3121, org.springframework.boot.test.autoconfigure.web.servlet.WebDriverTestExecutionListener@38382479, org.springframework.boot.test.autoconfigure.webservices.client.MockWebServiceServerTestExecutionListener@2cc83e5, org.springframework.boot.test.mock.mockito.ResetMocksTestExecutionListener@2ddbb282]

  .   ____          _            __ _ _
 /\\ / ___'_ __ _ _(_)_ __  __ _ \ \ \ \
( ( )\___ | '_ | '_| | '_ \/ _` | \ \ \ \
 \\/  ___)| |_)| | | | | || (_| |  ) ) ) )
  '  |____| .__|_| |_|_| |_\__, | / / / /
 =========|_|==============|___/=/_/_/_/
 :: Spring Boot ::        (v2.3.3.RELEASE)

2020-09-10 23:10:50.093  INFO 63256 --- [    Test worker] c.s.b.springboot.domain.posts.PostsTest  : Starting PostsTest on DESKTOP-RCGL6QP with PID 63256 (started by sjh in C:\Users\krpw1\Desktop\Backjoon\StudySpringBoot)
2020-09-10 23:10:50.094  INFO 63256 --- [    Test worker] c.s.b.springboot.domain.posts.PostsTest  : No active profile set, falling back to default profiles: default
2020-09-10 23:10:50.326  INFO 63256 --- [    Test worker] .s.d.r.c.RepositoryConfigurationDelegate : Bootstrapping Spring Data JPA repositories in DEFERRED mode.
2020-09-10 23:10:50.348  INFO 63256 --- [    Test worker] .s.d.r.c.RepositoryConfigurationDelegate : Finished Spring Data repository scanning in 22ms. Found 2 JPA repository interfaces.
2020-09-10 23:10:50.535  INFO 63256 --- [    Test worker] o.s.s.concurrent.ThreadPoolTaskExecutor  : Initializing ExecutorService 'applicationTaskExecutor'
2020-09-10 23:10:50.539  INFO 63256 --- [    Test worker] com.zaxxer.hikari.HikariDataSource       : HikariPool-2 - Starting...
2020-09-10 23:10:50.541  INFO 63256 --- [    Test worker] com.zaxxer.hikari.HikariDataSource       : HikariPool-2 - Start completed.
2020-09-10 23:10:50.563  INFO 63256 --- [         task-1] o.hibernate.jpa.internal.util.LogHelper  : HHH000204: Processing PersistenceUnitInfo [name: default]
2020-09-10 23:10:50.570  INFO 63256 --- [         task-1] org.hibernate.dialect.Dialect            : HHH000400: Using dialect: org.hibernate.dialect.H2Dialect
Hibernate: drop table if exists posts CASCADE 
Hibernate: drop table if exists user CASCADE 
Hibernate: create table posts (id bigint generated by default as identity, created_date timestamp, modified_date timestamp, author varchar(255), content TEXT not null, title varchar(500) not null, primary key (id))
Hibernate: create table user (id bigint generated by default as identity, created_date timestamp, modified_date timestamp, email varchar(255) not null, name varchar(255) not null, picture varchar(255), role varchar(255) not null, primary key (id))
2020-09-10 23:10:50.632  INFO 63256 --- [         task-1] o.h.e.t.j.p.i.JtaPlatformInitiator       : HHH000490: Using JtaPlatform implementation: [org.hibernate.engine.transaction.jta.platform.internal.NoJtaPlatform]
2020-09-10 23:10:50.633  INFO 63256 --- [         task-1] j.LocalContainerEntityManagerFactoryBean : Initialized JPA EntityManagerFactory for persistence unit 'default'
2020-09-10 23:10:50.678  WARN 63256 --- [    Test worker] JpaBaseConfiguration$JpaWebConfiguration : spring.jpa.open-in-view is enabled by default. Therefore, database queries may be performed during view rendering. Explicitly configure spring.jpa.open-in-view to disable this warning
2020-09-10 23:10:50.897  INFO 63256 --- [    Test worker] o.s.s.web.DefaultSecurityFilterChain     : Creating filter chain: any request, [org.springframework.security.web.context.request.async.WebAsyncManagerIntegrationFilter@55b62807, org.springframework.security.web.context.SecurityContextPersistenceFilter@154b2d6e, org.springframework.security.web.header.HeaderWriterFilter@6c0987f6, org.springframework.security.web.authentication.logout.LogoutFilter@4651e55f, org.springframework.security.oauth2.client.web.OAuth2AuthorizationRequestRedirectFilter@69381854, org.springframework.security.oauth2.client.web.OAuth2LoginAuthenticationFilter@73f108a3, org.springframework.security.web.authentication.ui.DefaultLoginPageGeneratingFilter@6d576297, org.springframework.security.web.authentication.ui.DefaultLogoutPageGeneratingFilter@73256482, org.springframework.security.web.savedrequest.RequestCacheAwareFilter@e7d3e08, org.springframework.security.web.servletapi.SecurityContextHolderAwareRequestFilter@2eeb3e06, org.springframework.security.web.authentication.AnonymousAuthenticationFilter@5af6280a, org.springframework.security.web.session.SessionManagementFilter@244ce67a, org.springframework.security.web.access.ExceptionTranslationFilter@4e0aa4f3, org.springframework.security.web.access.intercept.FilterSecurityInterceptor@4ddd7785]
2020-09-10 23:10:51.114  INFO 63256 --- [    Test worker] o.s.b.a.h2.H2ConsoleAutoConfiguration    : H2 console available at '/h2-console'. Database available at 'jdbc:h2:mem:08a57285-1b77-4a5a-a96a-f80ed3c68857'
2020-09-10 23:10:51.145  INFO 63256 --- [    Test worker] o.s.b.a.w.s.WelcomePageHandlerMapping    : Adding welcome page template: index
2020-09-10 23:10:51.467  INFO 63256 --- [    Test worker] DeferredRepositoryInitializationListener : Triggering deferred initialization of Spring Data repositories…
2020-09-10 23:10:51.538  INFO 63256 --- [    Test worker] DeferredRepositoryInitializationListener : Spring Data repositories initialized!
2020-09-10 23:10:51.542  INFO 63256 --- [    Test worker] s.a.ScheduledAnnotationBeanPostProcessor : No TaskScheduler/ScheduledExecutorService bean found for scheduled processing
2020-09-10 23:10:51.543  INFO 63256 --- [    Test worker] c.s.b.springboot.domain.posts.PostsTest  : Started PostsTest in 1.48 seconds (JVM running for 10.085)
Hibernate: insert into posts (id, created_date, modified_date, author, content, title) values (null, ?, ?, ?, ?, ?)
Hibernate: select posts0_.id as id1_0_, posts0_.created_date as created_2_0_, posts0_.modified_date as modified3_0_, posts0_.author as author4_0_, posts0_.content as content5_0_, posts0_.title as title6_0_ from posts posts0_
>>> 이시간 이후 : 2020-09-05T00:00
>>> 생성시간 : 2020-09-10T23:10:51.589
>>> 변경시간 : 2020-09-10T23:10:51.589
Hibernate: select posts0_.id as id1_0_, posts0_.created_date as created_2_0_, posts0_.modified_date as modified3_0_, posts0_.author as author4_0_, posts0_.content as content5_0_, posts0_.title as title6_0_ from posts posts0_
Hibernate: delete from posts where id=?
Hibernate: insert into posts (id, created_date, modified_date, author, content, title) values (null, ?, ?, ?, ?, ?)
Hibernate: select posts0_.id as id1_0_, posts0_.created_date as created_2_0_, posts0_.modified_date as modified3_0_, posts0_.author as author4_0_, posts0_.content as content5_0_, posts0_.title as title6_0_ from posts posts0_
Hibernate: select posts0_.id as id1_0_, posts0_.created_date as created_2_0_, posts0_.modified_date as modified3_0_, posts0_.author as author4_0_, posts0_.content as content5_0_, posts0_.title as title6_0_ from posts posts0_
Hibernate: delete from posts where id=?
]]></system-out>
  <system-err><![CDATA[]]></system-err>
</testsuite>
